<?xml version="1.0" encoding="UTF-8"?>
<testsuite errors="0" failures="0" skipped="0" name="ls" tests="1" time="0.004004">
    <testcase classname="ls" name="" time="0.004004" assertions="5">
    </testcase>
</testsuite>
