<?xml version="1.0" encoding="UTF-8"?>
<testsuite errors="0" failures="0" skipped="0" name="calc" tests="2" time="0.004004">
    <testcase classname="calc" name="" time="0.004004" assertions="4">
    </testcase>
</testsuite>
